This file contains any messages produced by compilers while
running configure, to aid debugging if configure makes a mistake.

It was created by configure, which was
generated by GNU Autoconf 2.71.  Invocation command line was

  $ ./configure

## --------- ##
## Platform. ##
## --------- ##

hostname = rainsbase
uname -m = i386
uname -r = 9.1_STABLE
uname -s = NetBSD
uname -v = NetBSD 9.1_STABLE (GENERIC_PAE) #2: Fri Apr  9 02:24:46 JST 2021  root@rainsbase:/usr/src/sys/arch/i386/compile/GENERIC_PAE

/usr/bin/uname -p = i386
/bin/uname -X     = unknown

/bin/arch              = unknown
/usr/bin/arch -k       = unknown
/usr/convex/getsysinfo = unknown
/usr/bin/hostinfo      = unknown
/bin/machine           = unknown
/usr/bin/oslevel       = unknown
/bin/universe          = unknown

PATH: /home/rains/bin/
PATH: /bin/
PATH: /usr/sbin/
PATH: /usr/bin/
PATH: /sbin/
PATH: /usr/local/bin/
PATH: /usr/local/sbin/
PATH: /usr/pkg/bin/
PATH: /usr/pkg/sbin/
PATH: /usr/games/
PATH: /usr/X11R7/bin/


## ----------- ##
## Core tests. ##
## ----------- ##

configure:2373: looking for aux files: config.guess config.sub ltmain.sh compile missing install-sh
configure:2386:  trying ./
configure:2415:   ./config.guess found
configure:2415:   ./config.sub found
configure:2415:   ./ltmain.sh found
configure:2415:   ./compile found
configure:2415:   ./missing found
configure:2397:   ./install-sh found
configure:2549: checking for a BSD-compatible install
configure:2622: result: /usr/bin/install -c
configure:2633: checking whether build environment is sane
configure:2688: result: yes
configure:2847: checking for a race-free mkdir -p
configure:2891: result: /usr/pkg/bin/gmkdir -p
configure:2898: checking for gawk
configure:2919: found /usr/pkg/bin/gawk
configure:2930: result: gawk
configure:2941: checking whether make sets $(MAKE)
configure:2964: result: yes
configure:2994: checking whether make supports nested variables
configure:3012: result: yes
configure:3193: checking for gcc
configure:3214: found /usr/bin/gcc
configure:3225: result: gcc
configure:3578: checking for C compiler version
configure:3587: gcc --version >&5
gcc (nb4 20200810) 7.5.0
Copyright (C) 2017 Free Software Foundation, Inc.
This is free software; see the source for copying conditions.  There is NO
warranty; not even for MERCHANTABILITY or FITNESS FOR A PARTICULAR PURPOSE.

configure:3598: $? = 0
configure:3587: gcc -v >&5
Using built-in specs.
COLLECT_GCC=gcc
COLLECT_LTO_WRAPPER=/usr/libexec/lto-wrapper
Target: i486--netbsdelf
Configured with: /usr/src/tools/gcc/../../external/gpl3/gcc/dist/configure --target=i486--netbsdelf --enable-long-long --enable-threads --with-bugurl=http://www.NetBSD.org/Misc/send-pr.html --with-pkgversion='NetBSD nb4 20200810' --with-system-zlib --without-isl --enable-__cxa_atexit --enable-libstdcxx-time=rt --enable-libstdcxx-threads --with-diagnostics-color=auto-if-env --with-arch=i486 --with-tune=nocona --with-default-libstdcxx-abi=new --with-mpc-lib=/var/obj/mknative/i386/usr/src/external/lgpl3/mpc/lib/libmpc --with-mpfr-lib=/var/obj/mknative/i386/usr/src/external/lgpl3/mpfr/lib/libmpfr --with-gmp-lib=/var/obj/mknative/i386/usr/src/external/lgpl3/gmp/lib/libgmp --with-mpc-include=/usr/src/external/lgpl3/mpc/dist/src --with-mpfr-include=/usr/src/external/lgpl3/mpfr/dist/src --with-gmp-include=/usr/src/external/lgpl3/gmp/lib/libgmp/arch/i386 --enable-tls --disable-multilib --disable-libstdcxx-pch --build=i486--netbsdelf --host=i486--netbsdelf --with-sysroot=/var/obj/mknative/i386/usr/src/destdir.i386
Thread model: posix
gcc version 7.5.0 (nb4 20200810) 
configure:3598: $? = 0
configure:3587: gcc -V >&5
gcc: error: unrecognized command line option '-V'
gcc: fatal error: no input files
compilation terminated.
configure:3598: $? = 1
configure:3587: gcc -qversion >&5
gcc: error: unrecognized command line option '-qversion'; did you mean '--version'?
gcc: fatal error: no input files
compilation terminated.
configure:3598: $? = 1
configure:3587: gcc -version >&5
gcc: error: unrecognized command line option '-version'
gcc: fatal error: no input files
compilation terminated.
configure:3598: $? = 1
configure:3618: checking whether the C compiler works
configure:3640: gcc -I/usr/pkg/include  -L/usr/pkg/lib -Wl,-rpath=/usr/pkg/lib conftest.c  >&5
configure:3644: $? = 0
configure:3694: result: yes
configure:3697: checking for C compiler default output file name
configure:3699: result: a.out
configure:3705: checking for suffix of executables
configure:3712: gcc -o conftest -I/usr/pkg/include  -L/usr/pkg/lib -Wl,-rpath=/usr/pkg/lib conftest.c  >&5
configure:3716: $? = 0
configure:3739: result: 
configure:3761: checking whether we are cross compiling
configure:3769: gcc -o conftest -I/usr/pkg/include  -L/usr/pkg/lib -Wl,-rpath=/usr/pkg/lib conftest.c  >&5
configure:3773: $? = 0
configure:3780: ./conftest
configure:3784: $? = 0
configure:3799: result: no
configure:3804: checking for suffix of object files
configure:3827: gcc -c -I/usr/pkg/include  conftest.c >&5
configure:3831: $? = 0
configure:3853: result: o
configure:3857: checking whether the compiler supports GNU C
configure:3877: gcc -c -I/usr/pkg/include  conftest.c >&5
configure:3877: $? = 0
configure:3887: result: yes
configure:3898: checking whether gcc accepts -g
configure:3919: gcc -c -g  conftest.c >&5
configure:3919: $? = 0
configure:3963: result: yes
configure:3983: checking for gcc option to enable C11 features
configure:3998: gcc  -c -I/usr/pkg/include  conftest.c >&5
configure:3998: $? = 0
configure:4016: result: none needed
configure:4132: checking whether gcc understands -c and -o together
configure:4155: gcc -c conftest.c -o conftest2.o
configure:4158: $? = 0
configure:4155: gcc -c conftest.c -o conftest2.o
configure:4158: $? = 0
configure:4170: result: yes
configure:4190: checking whether make supports the include directive
configure:4205: make -f confmf.GNU && cat confinc.out
this is the am__doit target
configure:4208: $? = 0
configure:4227: result: yes (GNU style)
configure:4253: checking dependency style of gcc
configure:4365: result: gcc3
configure:4444: checking build system type
configure:4459: result: i386-unknown-netbsdelf9.1
configure:4479: checking host system type
configure:4493: result: i386-unknown-netbsdelf9.1
configure:4534: checking how to print strings
configure:4561: result: printf
configure:4582: checking for a sed that does not truncate output
configure:4652: result: /usr/pkg/bin/gsed
configure:4670: checking for grep that handles long lines and -e
configure:4734: result: /usr/bin/grep
configure:4739: checking for egrep
configure:4807: result: /usr/bin/grep -E
configure:4812: checking for fgrep
configure:4880: result: /usr/bin/grep -F
configure:4916: checking for ld used by gcc
configure:4984: result: /usr/bin/ld
configure:4991: checking if the linker (/usr/bin/ld) is GNU ld
configure:5007: result: yes
configure:5019: checking for BSD- or MS-compatible name lister (nm)
configure:5074: result: /usr/bin/nm -B
configure:5214: checking the name lister (/usr/bin/nm -B) interface
configure:5222: gcc -c -I/usr/pkg/include  conftest.c >&5
configure:5225: /usr/bin/nm -B "conftest.o"
configure:5228: output
00000000 B some_variable
configure:5235: result: BSD nm
configure:5238: checking whether ln -s works
configure:5242: result: yes
configure:5250: checking the maximum length of command line arguments
configure:5382: result: 196608
configure:5430: checking how to convert i386-unknown-netbsdelf9.1 file names to i386-unknown-netbsdelf9.1 format
configure:5471: result: func_convert_file_noop
configure:5478: checking how to convert i386-unknown-netbsdelf9.1 file names to toolchain format
configure:5499: result: func_convert_file_noop
configure:5506: checking for /usr/bin/ld option to reload object files
configure:5514: result: -r
configure:5593: checking for objdump
configure:5614: found /usr/bin/objdump
configure:5625: result: objdump
configure:5657: checking how to recognize dependent libraries
configure:5858: result: match_pattern /lib[^/]+(\.so|_pic\.a)$
configure:5948: checking for dlltool
configure:5983: result: no
configure:6013: checking how to associate runtime and link libraries
configure:6041: result: printf %s\n
configure:6107: checking for ar
configure:6128: found /usr/bin/ar
configure:6139: result: ar
configure:6176: checking for archiver @FILE support
configure:6194: gcc -c -I/usr/pkg/include  conftest.c >&5
configure:6194: $? = 0
configure:6198: ar cru libconftest.a @conftest.lst >&5
configure:6201: $? = 0
configure:6206: ar cru libconftest.a @conftest.lst >&5
ar: conftest.o: No such file or directory
configure:6209: $? = 1
configure:6221: result: @
configure:6284: checking for strip
configure:6305: found /usr/bin/strip
configure:6316: result: strip
configure:6393: checking for ranlib
configure:6414: found /usr/bin/ranlib
configure:6425: result: ranlib
configure:6527: checking command to parse /usr/bin/nm -B output from gcc object
configure:6681: gcc -c -I/usr/pkg/include  conftest.c >&5
configure:6684: $? = 0
configure:6688: /usr/bin/nm -B conftest.o \| sed -n -e 's/^.*[ ]\([ABCDGIRSTW][ABCDGIRSTW]*\)[ ][ ]*\([_A-Za-z][_A-Za-z0-9]*\)$/\1 \2 \2/p' | sed '/ __gnu_lto/d' \> conftest.nm
configure:6691: $? = 0
configure:6757: gcc -o conftest -I/usr/pkg/include  -L/usr/pkg/lib -Wl,-rpath=/usr/pkg/lib conftest.c conftstm.o >&5
configure:6760: $? = 0
configure:6798: result: ok
configure:6845: checking for sysroot
configure:6876: result: no
configure:6883: checking for a working dd
configure:6927: result: /bin/dd
configure:6931: checking how to truncate binary pipes
configure:6947: result: /bin/dd bs=4096 count=1
configure:7284: checking for mt
configure:7305: found /bin/mt
configure:7316: result: mt
configure:7339: checking if mt is a manifest tool
configure:7346: mt '-?'
mt: unknown option -- ?
usage: mt [-f device] command [count]
configure:7354: result: no
configure:8084: checking for stdio.h
configure:8084: gcc -c -I/usr/pkg/include  conftest.c >&5
configure:8084: $? = 0
configure:8084: result: yes
configure:8084: checking for stdlib.h
configure:8084: gcc -c -I/usr/pkg/include  conftest.c >&5
configure:8084: $? = 0
configure:8084: result: yes
configure:8084: checking for string.h
configure:8084: gcc -c -I/usr/pkg/include  conftest.c >&5
configure:8084: $? = 0
configure:8084: result: yes
configure:8084: checking for inttypes.h
configure:8084: gcc -c -I/usr/pkg/include  conftest.c >&5
configure:8084: $? = 0
configure:8084: result: yes
configure:8084: checking for stdint.h
configure:8084: gcc -c -I/usr/pkg/include  conftest.c >&5
configure:8084: $? = 0
configure:8084: result: yes
configure:8084: checking for strings.h
configure:8084: gcc -c -I/usr/pkg/include  conftest.c >&5
configure:8084: $? = 0
configure:8084: result: yes
configure:8084: checking for sys/stat.h
configure:8084: gcc -c -I/usr/pkg/include  conftest.c >&5
configure:8084: $? = 0
configure:8084: result: yes
configure:8084: checking for sys/types.h
configure:8084: gcc -c -I/usr/pkg/include  conftest.c >&5
configure:8084: $? = 0
configure:8084: result: yes
configure:8084: checking for unistd.h
configure:8084: gcc -c -I/usr/pkg/include  conftest.c >&5
configure:8084: $? = 0
configure:8084: result: yes
configure:8109: checking for dlfcn.h
configure:8109: gcc -c -I/usr/pkg/include  conftest.c >&5
configure:8109: $? = 0
configure:8109: result: yes
configure:8337: checking for objdir
configure:8353: result: .libs
configure:8613: checking if gcc supports -fno-rtti -fno-exceptions
configure:8632: gcc -c -I/usr/pkg/include  -fno-rtti -fno-exceptions conftest.c >&5
cc1: warning: command line option '-fno-rtti' is valid for C++/ObjC++ but not for C
configure:8636: $? = 0
configure:8649: result: no
configure:9007: checking for gcc option to produce PIC
configure:9015: result: -fPIC -DPIC
configure:9023: checking if gcc PIC flag -fPIC -DPIC works
configure:9042: gcc -c -I/usr/pkg/include  -fPIC -DPIC -DPIC conftest.c >&5
configure:9046: $? = 0
configure:9059: result: yes
configure:9088: checking if gcc static flag -static works
configure:9117: result: yes
configure:9132: checking if gcc supports -c -o file.o
configure:9154: gcc -c -I/usr/pkg/include  -o out/conftest2.o conftest.c >&5
configure:9158: $? = 0
configure:9180: result: yes
configure:9188: checking if gcc supports -c -o file.o
configure:9236: result: yes
configure:9269: checking whether the gcc linker (/usr/bin/ld) supports shared libraries
configure:10535: result: yes
configure:10572: checking whether -lc should be explicitly linked in
configure:10581: gcc -c -I/usr/pkg/include  conftest.c >&5
configure:10584: $? = 0
configure:10599: gcc -shared  -fPIC -DPIC conftest.o  -v -Wl,-soname -Wl,conftest -o conftest 2\>\&1 \| /usr/bin/grep  -lc  \>/dev/null 2\>\&1
configure:10602: $? = 0
configure:10616: result: no
configure:10776: checking dynamic linker characteristics
configure:11597: result: NetBSD ld.elf_so
configure:11719: checking how to hardcode library paths into programs
configure:11744: result: immediate
configure:12296: checking whether stripping libraries is possible
configure:12301: result: yes
configure:12336: checking if libtool supports shared libraries
configure:12338: result: yes
configure:12341: checking whether to build shared libraries
configure:12366: result: yes
configure:12369: checking whether to build static libraries
configure:12373: result: no
configure:12419: checking for locale.h
configure:12419: gcc -c -I/usr/pkg/include  conftest.c >&5
configure:12419: $? = 0
configure:12419: result: yes
configure:12427: checking for LC_MESSAGES
configure:12444: gcc -o conftest -I/usr/pkg/include  -L/usr/pkg/lib -Wl,-rpath=/usr/pkg/lib conftest.c  >&5
configure:12444: $? = 0
configure:12453: result: yes
configure:12471: checking for CFPreferencesCopyAppValue
configure:12490: gcc -o conftest -I/usr/pkg/include  -L/usr/pkg/lib -Wl,-rpath=/usr/pkg/lib conftest.c  -Wl,-framework -Wl,CoreFoundation >&5
conftest.c:24:10: fatal error: CoreFoundation/CFPreferences.h: No such file or directory
 #include <CoreFoundation/CFPreferences.h>
          ^~~~~~~~~~~~~~~~~~~~~~~~~~~~~~~~
compilation terminated.
configure:12490: $? = 1
configure: failed program was:
| /* confdefs.h */
| #define PACKAGE_NAME ""
| #define PACKAGE_TARNAME ""
| #define PACKAGE_VERSION ""
| #define PACKAGE_STRING ""
| #define PACKAGE_BUGREPORT ""
| #define PACKAGE_URL ""
| #define HAVE_STDIO_H 1
| #define HAVE_STDLIB_H 1
| #define HAVE_STRING_H 1
| #define HAVE_INTTYPES_H 1
| #define HAVE_STDINT_H 1
| #define HAVE_STRINGS_H 1
| #define HAVE_SYS_STAT_H 1
| #define HAVE_SYS_TYPES_H 1
| #define HAVE_UNISTD_H 1
| #define STDC_HEADERS 1
| #define HAVE_DLFCN_H 1
| #define LT_OBJDIR ".libs/"
| #define GETTEXT_PACKAGE "im-canna"
| #define HAVE_LOCALE_H 1
| #define HAVE_LC_MESSAGES 1
| /* end confdefs.h.  */
| #include <CoreFoundation/CFPreferences.h>
| int
| main (void)
| {
| CFPreferencesCopyAppValue(NULL, NULL)
|   ;
|   return 0;
| }
configure:12500: result: no
configure:12507: checking for CFLocaleCopyCurrent
configure:12526: gcc -o conftest -I/usr/pkg/include  -L/usr/pkg/lib -Wl,-rpath=/usr/pkg/lib conftest.c  -Wl,-framework -Wl,CoreFoundation >&5
conftest.c:24:10: fatal error: CoreFoundation/CFLocale.h: No such file or directory
 #include <CoreFoundation/CFLocale.h>
          ^~~~~~~~~~~~~~~~~~~~~~~~~~~
compilation terminated.
configure:12526: $? = 1
configure: failed program was:
| /* confdefs.h */
| #define PACKAGE_NAME ""
| #define PACKAGE_TARNAME ""
| #define PACKAGE_VERSION ""
| #define PACKAGE_STRING ""
| #define PACKAGE_BUGREPORT ""
| #define PACKAGE_URL ""
| #define HAVE_STDIO_H 1
| #define HAVE_STDLIB_H 1
| #define HAVE_STRING_H 1
| #define HAVE_INTTYPES_H 1
| #define HAVE_STDINT_H 1
| #define HAVE_STRINGS_H 1
| #define HAVE_SYS_STAT_H 1
| #define HAVE_SYS_TYPES_H 1
| #define HAVE_UNISTD_H 1
| #define STDC_HEADERS 1
| #define HAVE_DLFCN_H 1
| #define LT_OBJDIR ".libs/"
| #define GETTEXT_PACKAGE "im-canna"
| #define HAVE_LOCALE_H 1
| #define HAVE_LC_MESSAGES 1
| /* end confdefs.h.  */
| #include <CoreFoundation/CFLocale.h>
| int
| main (void)
| {
| CFLocaleCopyCurrent();
|   ;
|   return 0;
| }
configure:12536: result: no
configure:12550: checking for libintl.h
configure:12550: gcc -c -I/usr/pkg/include  conftest.c >&5
configure:12550: $? = 0
configure:12550: result: yes
configure:12559: checking for ngettext in libc
configure:12578: gcc -o conftest -I/usr/pkg/include  -L/usr/pkg/lib -Wl,-rpath=/usr/pkg/lib conftest.c  >&5
ld: /tmp//ccK0UkJW.o: in function `main':
conftest.c:(.text+0x1e): undefined reference to `ngettext'
configure:12578: $? = 1
configure: failed program was:
| /* confdefs.h */
| #define PACKAGE_NAME ""
| #define PACKAGE_TARNAME ""
| #define PACKAGE_VERSION ""
| #define PACKAGE_STRING ""
| #define PACKAGE_BUGREPORT ""
| #define PACKAGE_URL ""
| #define HAVE_STDIO_H 1
| #define HAVE_STDLIB_H 1
| #define HAVE_STRING_H 1
| #define HAVE_INTTYPES_H 1
| #define HAVE_STDINT_H 1
| #define HAVE_STRINGS_H 1
| #define HAVE_SYS_STAT_H 1
| #define HAVE_SYS_TYPES_H 1
| #define HAVE_UNISTD_H 1
| #define STDC_HEADERS 1
| #define HAVE_DLFCN_H 1
| #define LT_OBJDIR ".libs/"
| #define GETTEXT_PACKAGE "im-canna"
| #define HAVE_LOCALE_H 1
| #define HAVE_LC_MESSAGES 1
| /* end confdefs.h.  */
| 
| #include <libintl.h>
| 
| int
| main (void)
| {
| return !ngettext ("","", 1)
|   ;
|   return 0;
| }
configure:12588: result: no
configure:12642: checking for bindtextdomain in -lintl
configure:12665: gcc -o conftest -I/usr/pkg/include  -L/usr/pkg/lib -Wl,-rpath=/usr/pkg/lib conftest.c -lintl   >&5
configure:12665: $? = 0
configure:12675: result: yes
configure:12679: checking for ngettext in -lintl
configure:12702: gcc -o conftest -I/usr/pkg/include  -L/usr/pkg/lib -Wl,-rpath=/usr/pkg/lib conftest.c -lintl   >&5
configure:12702: $? = 0
configure:12712: result: yes
configure:12716: checking for dgettext in -lintl
configure:12739: gcc -o conftest -I/usr/pkg/include  -L/usr/pkg/lib -Wl,-rpath=/usr/pkg/lib conftest.c -lintl   >&5
conftest.c:28:6: warning: conflicting types for built-in function 'dgettext' [-Wbuiltin-declaration-mismatch]
 char dgettext ();
      ^~~~~~~~
configure:12739: $? = 0
configure:12749: result: yes
configure:12861: checking for bind_textdomain_codeset
configure:12861: gcc -o conftest -I/usr/pkg/include  -L/usr/pkg/lib -Wl,-rpath=/usr/pkg/lib conftest.c  -lintl  >&5
configure:12861: $? = 0
configure:12861: result: yes
configure:12896: checking for msgfmt
configure:12924: result: /usr/bin/msgfmt
configure:12933: checking for dcgettext
configure:12933: gcc -o conftest -I/usr/pkg/include  -L/usr/pkg/lib -Wl,-rpath=/usr/pkg/lib conftest.c  -lintl   >&5
conftest.c:42:6: warning: conflicting types for built-in function 'dcgettext' [-Wbuiltin-declaration-mismatch]
 char dcgettext ();
      ^~~~~~~~~
configure:12933: $? = 0
configure:12933: result: yes
configure:12941: checking if msgfmt accepts -c
configure:12956: $MSGFMT -c -o /dev/null conftest.foo
configure:12959: $? = 0
configure:12961: result: yes
configure:12971: checking for gmsgfmt
configure:13007: result: /usr/bin/msgfmt
configure:13017: checking for xgettext
configure:13045: result: /usr/bin/xgettext
configure:13064: gcc -o conftest -I/usr/pkg/include  -L/usr/pkg/lib -Wl,-rpath=/usr/pkg/lib conftest.c  -lintl   >&5
configure:13064: $? = 0
configure:13147: checking for catalogs to be installed
configure:13172: result:  ja
configure:13223: checking for canna/jrkanji.h
configure:13223: gcc -c -I/usr/pkg/include  conftest.c >&5
configure:13223: $? = 0
configure:13223: result: yes
configure:13231: checking for jrKanjiString in -lcanna
configure:13254: gcc -o conftest -I/usr/pkg/include  -L/usr/pkg/lib -Wl,-rpath=/usr/pkg/lib conftest.c -lcanna   >&5
configure:13254: $? = 0
configure:13264: result: yes
configure:13424: checking that generated files are newer than configure
configure:13430: result: done
configure:13453: creating ./config.status

## ---------------------- ##
## Running config.status. ##
## ---------------------- ##

This file was extended by config.status, which was
generated by GNU Autoconf 2.71.  Invocation command line was

  CONFIG_FILES    = 
  CONFIG_HEADERS  = 
  CONFIG_LINKS    = 
  CONFIG_COMMANDS = 
  $ ./config.status 

on rainsbase

config.status:1031: creating Makefile
config.status:1031: creating im-canna.spec
config.status:1203: executing depfiles commands
config.status:1278: cd .       && sed -e '/# am--include-marker/d' Makefile         | make -f - am--depfiles
config.status:1285: $? = 0
config.status:1203: executing libtool commands
config.status:1203: executing default-1 commands

## ---------------- ##
## Cache variables. ##
## ---------------- ##

ac_cv_build=i386-unknown-netbsdelf9.1
ac_cv_c_compiler_gnu=yes
ac_cv_env_CC_set=''
ac_cv_env_CC_value=''
ac_cv_env_CFLAGS_set=set
ac_cv_env_CFLAGS_value=-I/usr/pkg/include
ac_cv_env_CPPFLAGS_set=''
ac_cv_env_CPPFLAGS_value=''
ac_cv_env_LDFLAGS_set=set
ac_cv_env_LDFLAGS_value='-L/usr/pkg/lib -Wl,-rpath=/usr/pkg/lib'
ac_cv_env_LIBS_set=''
ac_cv_env_LIBS_value=''
ac_cv_env_LT_SYS_LIBRARY_PATH_set=''
ac_cv_env_LT_SYS_LIBRARY_PATH_value=''
ac_cv_env_build_alias_set=''
ac_cv_env_build_alias_value=''
ac_cv_env_host_alias_set=''
ac_cv_env_host_alias_value=''
ac_cv_env_target_alias_set=''
ac_cv_env_target_alias_value=''
ac_cv_func_bind_textdomain_codeset=yes
ac_cv_func_dcgettext=yes
ac_cv_header_canna_jrkanji_h=yes
ac_cv_header_dlfcn_h=yes
ac_cv_header_inttypes_h=yes
ac_cv_header_libintl_h=yes
ac_cv_header_locale_h=yes
ac_cv_header_stdint_h=yes
ac_cv_header_stdio_h=yes
ac_cv_header_stdlib_h=yes
ac_cv_header_string_h=yes
ac_cv_header_strings_h=yes
ac_cv_header_sys_stat_h=yes
ac_cv_header_sys_types_h=yes
ac_cv_header_unistd_h=yes
ac_cv_host=i386-unknown-netbsdelf9.1
ac_cv_lib_canna_jrKanjiString=yes
ac_cv_lib_intl_bindtextdomain=yes
ac_cv_lib_intl_dgettext=yes
ac_cv_lib_intl_ngettext=yes
ac_cv_objext=o
ac_cv_path_EGREP='/usr/bin/grep -E'
ac_cv_path_FGREP='/usr/bin/grep -F'
ac_cv_path_GMSGFMT=/usr/bin/msgfmt
ac_cv_path_GREP=/usr/bin/grep
ac_cv_path_MSGFMT=/usr/bin/msgfmt
ac_cv_path_SED=/usr/pkg/bin/gsed
ac_cv_path_XGETTEXT=/usr/bin/xgettext
ac_cv_path_install='/usr/bin/install -c'
ac_cv_path_lt_DD=/bin/dd
ac_cv_path_mkdir=/usr/pkg/bin/gmkdir
ac_cv_prog_AWK=gawk
ac_cv_prog_ac_ct_AR=ar
ac_cv_prog_ac_ct_CC=gcc
ac_cv_prog_ac_ct_MANIFEST_TOOL=mt
ac_cv_prog_ac_ct_OBJDUMP=objdump
ac_cv_prog_ac_ct_RANLIB=ranlib
ac_cv_prog_ac_ct_STRIP=strip
ac_cv_prog_cc_c11=''
ac_cv_prog_cc_g=yes
ac_cv_prog_cc_stdc=''
ac_cv_prog_make_make_set=yes
am_cv_CC_dependencies_compiler_type=gcc3
am_cv_make_support_nested_variables=yes
am_cv_prog_cc_c_o=yes
am_cv_val_LC_MESSAGES=yes
gt_cv_func_CFLocaleCopyCurrent=no
gt_cv_func_CFPreferencesCopyAppValue=no
gt_cv_func_dgettext_libc=no
gt_cv_func_dgettext_libintl=yes
gt_cv_func_ngettext_libc=no
gt_cv_have_gettext=yes
lt_cv_ar_at_file=@
lt_cv_archive_cmds_need_lc=no
lt_cv_deplibs_check_method='match_pattern /lib[^/]+(\.so|_pic\.a)$'
lt_cv_file_magic_cmd='$MAGIC_CMD'
lt_cv_file_magic_test_file=''
lt_cv_ld_reload_flag=-r
lt_cv_nm_interface='BSD nm'
lt_cv_objdir=.libs
lt_cv_path_LD=/usr/bin/ld
lt_cv_path_NM='/usr/bin/nm -B'
lt_cv_path_mainfest_tool=no
lt_cv_prog_compiler_c_o=yes
lt_cv_prog_compiler_pic='-fPIC -DPIC'
lt_cv_prog_compiler_pic_works=yes
lt_cv_prog_compiler_rtti_exceptions=no
lt_cv_prog_compiler_static_works=yes
lt_cv_prog_gnu_ld=yes
lt_cv_sharedlib_from_linklib_cmd='printf %s\n'
lt_cv_sys_global_symbol_pipe='sed -n -e '\''s/^.*[	 ]\([ABCDGIRSTW][ABCDGIRSTW]*\)[	 ][	 ]*\([_A-Za-z][_A-Za-z0-9]*\)$/\1 \2 \2/p'\'' | sed '\''/ __gnu_lto/d'\'
lt_cv_sys_global_symbol_to_c_name_address='sed -n -e '\''s/^: \(.*\) .*$/  {"\1", (void *) 0},/p'\'' -e '\''s/^[ABCDGIRSTW][ABCDGIRSTW]* .* \(.*\)$/  {"\1", (void *) \&\1},/p'\'
lt_cv_sys_global_symbol_to_c_name_address_lib_prefix='sed -n -e '\''s/^: \(.*\) .*$/  {"\1", (void *) 0},/p'\'' -e '\''s/^[ABCDGIRSTW][ABCDGIRSTW]* .* \(lib.*\)$/  {"\1", (void *) \&\1},/p'\'' -e '\''s/^[ABCDGIRSTW][ABCDGIRSTW]* .* \(.*\)$/  {"lib\1", (void *) \&\1},/p'\'
lt_cv_sys_global_symbol_to_cdecl='sed -n -e '\''s/^T .* \(.*\)$/extern int \1();/p'\'' -e '\''s/^[ABCDGIRSTW][ABCDGIRSTW]* .* \(.*\)$/extern char \1;/p'\'
lt_cv_sys_global_symbol_to_import=''
lt_cv_sys_max_cmd_len=196608
lt_cv_to_host_file_cmd=func_convert_file_noop
lt_cv_to_tool_file_cmd=func_convert_file_noop
lt_cv_truncate_bin='/bin/dd bs=4096 count=1'

## ----------------- ##
## Output variables. ##
## ----------------- ##

ACLOCAL='${SHELL} '\''/home/rains/prog/im-canna3-0.9/missing'\'' aclocal-1.16'
ALL_LINGUAS='ja'
AMDEPBACKSLASH='\'
AMDEP_FALSE='#'
AMDEP_TRUE=''
AMTAR='$${TAR-tar}'
AM_BACKSLASH='\'
AM_DEFAULT_V='$(AM_DEFAULT_VERBOSITY)'
AM_DEFAULT_VERBOSITY='1'
AM_V='$(V)'
AR='ar'
AUTOCONF='${SHELL} '\''/home/rains/prog/im-canna3-0.9/missing'\'' autoconf'
AUTOHEADER='${SHELL} '\''/home/rains/prog/im-canna3-0.9/missing'\'' autoheader'
AUTOMAKE='${SHELL} '\''/home/rains/prog/im-canna3-0.9/missing'\'' automake-1.16'
AWK='gawk'
CATALOGS=' ja.gmo'
CATOBJEXT='.gmo'
CC='gcc'
CCDEPMODE='depmode=gcc3'
CFLAGS='-I/usr/pkg/include'
CPPFLAGS=''
CYGPATH_W='echo'
DATADIRNAME='share'
DEFS='-DPACKAGE_NAME=\"\" -DPACKAGE_TARNAME=\"\" -DPACKAGE_VERSION=\"\" -DPACKAGE_STRING=\"\" -DPACKAGE_BUGREPORT=\"\" -DPACKAGE_URL=\"\" -DHAVE_STDIO_H=1 -DHAVE_STDLIB_H=1 -DHAVE_STRING_H=1 -DHAVE_INTTYPES_H=1 -DHAVE_STDINT_H=1 -DHAVE_STRINGS_H=1 -DHAVE_SYS_STAT_H=1 -DHAVE_SYS_TYPES_H=1 -DHAVE_UNISTD_H=1 -DSTDC_HEADERS=1 -DHAVE_DLFCN_H=1 -DLT_OBJDIR=\".libs/\" -DGETTEXT_PACKAGE=\"im-canna\" -DHAVE_LOCALE_H=1 -DHAVE_LC_MESSAGES=1 -DHAVE_BIND_TEXTDOMAIN_CODESET=1 -DHAVE_GETTEXT=1 -DHAVE_DCGETTEXT=1 -DENABLE_NLS=1 -DHAVE_LIBCANNA=1'
DEPDIR='.deps'
DLLTOOL='false'
DSYMUTIL=''
DUMPBIN=''
ECHO_C=''
ECHO_N='-n'
ECHO_T=''
EGREP='/usr/bin/grep -E'
EXEEXT=''
FGREP='/usr/bin/grep -F'
GETTEXT_PACKAGE='im-canna'
GMOFILES=' ja.gmo'
GMSGFMT='/usr/bin/msgfmt'
GREP='/usr/bin/grep'
GTK_DEP_CFLAGS='-I/usr/pkg/include/gtk-3.0 -I/usr/pkg/include/pango-1.0 -I/usr/pkg/include -I/usr/pkg/include/glib-2.0 -I/usr/pkg/lib/glib-2.0/include -I/usr/pkg/include/harfbuzz -I/usr/pkg/include/freetype2 -I/usr/pkg/include/fribidi -I/usr/pkg/include/cairo -I/usr/pkg/include/pixman-1 -I/usr/pkg/include/libpng16 -D_REENTRANT -D_REENTRANT -D_REENTRANT -D_REENTRANT -I/usr/pkg/include/gdk-pixbuf-2.0 -D_REENTRANT -I/usr/pkg/include/gio-unix-2.0 -D_REENTRANT -I/usr/pkg/include/libdrm -I/usr/pkg/include/atk-1.0 -I/usr/pkg/include/at-spi2-atk/2.0 -I/usr/pkg/include/dbus-1.0 -I/usr/pkg/lib/dbus-1.0/include -I/usr/pkg/include/at-spi-2.0 -D_REENTRANT -D_REENTRANT -D_REENTRANT -D_REENTRANT -pthread '
GTK_DEP_LIBS='-L/usr/pkg/lib -lgtk-3 -lgdk-3 -lpangocairo-1.0 -lpango-1.0 -lharfbuzz -latk-1.0 -lcairo-gobject -lcairo -lgdk_pixbuf-2.0 -lgio-2.0 -lgobject-2.0 -Wl,-R/usr/pkg/lib -lglib-2.0 -lintl '
GTK_VERSION='3.0.0'
INSTALL_DATA='${INSTALL} -m 644'
INSTALL_PROGRAM='${INSTALL}'
INSTALL_SCRIPT='${INSTALL}'
INSTALL_STRIP_PROGRAM='$(install_sh) -c -s'
INSTOBJEXT='.mo'
INTLLIBS='-lintl  '
INTL_MACOSX_LIBS=''
LD='/usr/bin/ld'
LDFLAGS='-L/usr/pkg/lib -Wl,-rpath=/usr/pkg/lib'
LIBOBJS=''
LIBS='-lcanna '
LIBTOOL='$(SHELL) $(top_builddir)/libtool'
LIPO=''
LN_S='ln -s'
LTLIBOBJS=''
LT_AGE='2'
LT_CURRENT='2'
LT_CURRENT_MINUS_AGE='0'
LT_RELEASE='.'
LT_REVISION=''
LT_SYS_LIBRARY_PATH=''
MAKEINFO='${SHELL} '\''/home/rains/prog/im-canna3-0.9/missing'\'' makeinfo'
MANIFEST_TOOL=':'
MKDIR_P='/usr/pkg/bin/gmkdir -p'
MKINSTALLDIRS='.//mkinstalldirs'
MSGFMT='/usr/bin/msgfmt'
MSGFMT_OPTS='-c'
NM='/usr/bin/nm -B'
NMEDIT=''
OBJDUMP='objdump'
OBJEXT='o'
OTOOL64=''
OTOOL=''
PACKAGE='im-canna3'
PACKAGE_BUGREPORT=''
PACKAGE_NAME=''
PACKAGE_STRING=''
PACKAGE_TARNAME=''
PACKAGE_URL=''
PACKAGE_VERSION=''
PATH_SEPARATOR=':'
POFILES=' ja.po'
POSUB='po'
PO_IN_DATADIR_FALSE=''
PO_IN_DATADIR_TRUE=''
RANLIB='ranlib'
SED='/usr/pkg/bin/gsed'
SET_MAKE=''
SHELL='/bin/sh'
STRIP='strip'
USE_NLS='yes'
VERSION='0.9'
XGETTEXT='/usr/bin/xgettext'
ac_ct_AR='ar'
ac_ct_CC='gcc'
ac_ct_DUMPBIN=''
am__EXEEXT_FALSE=''
am__EXEEXT_TRUE='#'
am__fastdepCC_FALSE='#'
am__fastdepCC_TRUE=''
am__include='include'
am__isrc=''
am__leading_dot='.'
am__nodep='_no'
am__quote=''
am__tar='$${TAR-tar} chof - "$$tardir"'
am__untar='$${TAR-tar} xf -'
bindir='${exec_prefix}/bin'
build='i386-unknown-netbsdelf9.1'
build_alias=''
build_cpu='i386'
build_os='netbsdelf9.1'
build_vendor='unknown'
datadir='${datarootdir}'
datarootdir='${prefix}/share'
docdir='${datarootdir}/doc/${PACKAGE}'
dvidir='${docdir}'
exec_prefix='${prefix}'
host='i386-unknown-netbsdelf9.1'
host_alias=''
host_cpu='i386'
host_os='netbsdelf9.1'
host_vendor='unknown'
htmldir='${docdir}'
includedir='${prefix}/include'
infodir='${datarootdir}/info'
install_sh='${SHELL} /home/rains/prog/im-canna3-0.9/install-sh'
libdir='${exec_prefix}/lib'
libexecdir='${exec_prefix}/libexec'
localedir='${datarootdir}/locale'
localstatedir='${prefix}/var'
mandir='${datarootdir}/man'
mkdir_p='$(MKDIR_P)'
oldincludedir='/usr/include'
pdfdir='${docdir}'
prefix='/usr/local'
program_transform_name='s,x,x,'
psdir='${docdir}'
runstatedir='${localstatedir}/run'
sbindir='${exec_prefix}/sbin'
sharedstatedir='${prefix}/com'
sysconfdir='${prefix}/etc'
target_alias=''

## ----------- ##
## confdefs.h. ##
## ----------- ##

/* confdefs.h */
#define PACKAGE_NAME ""
#define PACKAGE_TARNAME ""
#define PACKAGE_VERSION ""
#define PACKAGE_STRING ""
#define PACKAGE_BUGREPORT ""
#define PACKAGE_URL ""
#define HAVE_STDIO_H 1
#define HAVE_STDLIB_H 1
#define HAVE_STRING_H 1
#define HAVE_INTTYPES_H 1
#define HAVE_STDINT_H 1
#define HAVE_STRINGS_H 1
#define HAVE_SYS_STAT_H 1
#define HAVE_SYS_TYPES_H 1
#define HAVE_UNISTD_H 1
#define STDC_HEADERS 1
#define HAVE_DLFCN_H 1
#define LT_OBJDIR ".libs/"
#define GETTEXT_PACKAGE "im-canna"
#define HAVE_LOCALE_H 1
#define HAVE_LC_MESSAGES 1
#define HAVE_BIND_TEXTDOMAIN_CODESET 1
#define HAVE_GETTEXT 1
#define HAVE_DCGETTEXT 1
#define ENABLE_NLS 1
#define HAVE_LIBCANNA 1

configure: exit 0
